2016-06-18 14:58:04,660 [Worker-2] INFO  o.e.m.c.i.l.LifecycleMappingFactory - Using org.maven.ide.eclipse.wtp.WarLifecycleMapping lifecycle mapping for MavenProject: lcbs:lcbsapi:0.0.1-SNAPSHOT @ /home/dario/Desktop/backend/lcbsapi/pom.xml.
2016-06-18 14:58:08,180 [Worker-2] INFO  o.e.m.c.i.embedder.EclipseLogger - Using 'UTF-8' encoding to copy filtered resources.
2016-06-18 14:58:08,186 [Worker-2] INFO  o.e.m.c.i.embedder.EclipseLogger - Copying 1 resource
2016-06-18 14:58:08,199 [Worker-2] INFO  o.e.m.c.i.embedder.EclipseLogger - Using 'UTF-8' encoding to copy filtered resources.
2016-06-18 14:58:08,202 [Worker-2] INFO  o.e.m.c.i.embedder.EclipseLogger - Copying 3 resources
2016-06-18 14:58:45,478 [Worker-9] INFO  o.e.m.c.i.l.LifecycleMappingFactory - Using org.maven.ide.eclipse.wtp.EjbLifecycleMapping lifecycle mapping for MavenProject: lcbs:lcbsdb:0.0.1-SNAPSHOT @ /home/dario/Desktop/backend/lcbsdb/pom.xml.
2016-06-18 14:58:46,205 [Worker-9] WARN  o.e.m.c.i.embedder.EclipseLogger - The POM for org.infinispan:infinispan-core:jar:4.2.1.FINAL is missing, no dependency information available
2016-06-18 14:58:48,226 [Worker-9] WARN  o.e.m.c.i.embedder.EclipseLogger - Using platform encoding (UTF-8 actually) to copy filtered resources, i.e. build is platform dependent!
2016-06-18 14:58:48,228 [Worker-9] INFO  o.e.m.c.i.embedder.EclipseLogger - Copying 4 resources
2016-06-18 14:58:48,236 [Worker-9] WARN  o.e.m.c.i.embedder.EclipseLogger - Using platform encoding (UTF-8 actually) to copy filtered resources, i.e. build is platform dependent!
2016-06-18 14:58:48,237 [Worker-9] INFO  o.e.m.c.i.embedder.EclipseLogger - skip non existing resourceDirectory /home/dario/Desktop/backend/lcbsdb/src/test/resources
2016-06-18 14:58:55,303 [Worker-10] WARN  o.e.m.c.i.embedder.EclipseLogger - The POM for org.infinispan:infinispan-core:jar:4.2.1.FINAL is missing, no dependency information available
2016-06-18 14:58:55,459 [Worker-10] WARN  o.e.m.c.i.embedder.EclipseLogger - Using platform encoding (UTF-8 actually) to copy filtered resources, i.e. build is platform dependent!
2016-06-18 14:58:55,466 [Worker-10] INFO  o.e.m.c.i.embedder.EclipseLogger - Copying 4 resources
2016-06-18 14:58:55,467 [Worker-10] WARN  o.e.m.c.i.embedder.EclipseLogger - Using platform encoding (UTF-8 actually) to copy filtered resources, i.e. build is platform dependent!
2016-06-18 14:58:55,468 [Worker-10] INFO  o.e.m.c.i.embedder.EclipseLogger - skip non existing resourceDirectory /home/dario/Desktop/backend/lcbsdb/src/test/resources
2016-06-18 15:00:58,672 [Worker-8] INFO  o.e.m.c.i.embedder.EclipseLogger - Using 'UTF-8' encoding to copy filtered resources.
2016-06-18 15:00:58,674 [Worker-8] INFO  o.e.m.c.i.embedder.EclipseLogger - Copying 1 resource
2016-06-18 15:00:58,675 [Worker-8] INFO  o.e.m.c.i.embedder.EclipseLogger - Using 'UTF-8' encoding to copy filtered resources.
2016-06-18 15:00:58,676 [Worker-8] INFO  o.e.m.c.i.embedder.EclipseLogger - Copying 3 resources
2016-06-18 15:01:17,804 [Worker-1] INFO  o.e.m.c.i.p.ProjectConfigurationManager - Update started
2016-06-18 15:01:17,863 [Worker-1] INFO  o.e.m.c.i.p.ProjectConfigurationManager - Update completed: 0 sec
2016-06-18 15:01:39,861 [main] ERROR o.e.m.c.i.p.r.ProjectRegistryManager - Failed to read Maven project: 1 problem was encountered while building the effective model
[FATAL] Non-readable POM /home/dario/Desktop/backend/lcbsdb/pom.xml: /home/dario/Desktop/backend/lcbsdb/pom.xml (No such file or directory) @ 
 for project  at /home/dario/Desktop/backend/lcbsdb/pom.xml
org.apache.maven.project.ProjectBuildingException: 1 problem was encountered while building the effective model
[FATAL] Non-readable POM /home/dario/Desktop/backend/lcbsdb/pom.xml: /home/dario/Desktop/backend/lcbsdb/pom.xml (No such file or directory) @ 
 for project  at /home/dario/Desktop/backend/lcbsdb/pom.xml
	at org.apache.maven.project.DefaultProjectBuilder.build(DefaultProjectBuilder.java:168) ~[maven-core-3.3.3.jar:3.3.3]
	at org.apache.maven.project.DefaultProjectBuilder.build(DefaultProjectBuilder.java:119) ~[maven-core-3.3.3.jar:3.3.3]
	at org.eclipse.m2e.core.internal.embedder.MavenImpl.readMavenProject(MavenImpl.java:636) ~[org.eclipse.m2e.core_1.6.2.20150902-0002.jar:na]
	at org.eclipse.m2e.core.internal.project.registry.ProjectRegistryManager$5.call(ProjectRegistryManager.java:815) ~[org.eclipse.m2e.core_1.6.2.20150902-0002.jar:na]
	at org.eclipse.m2e.core.internal.project.registry.ProjectRegistryManager$5.call(ProjectRegistryManager.java:1) ~[org.eclipse.m2e.core_1.6.2.20150902-0002.jar:na]
	at org.eclipse.m2e.core.internal.embedder.MavenExecutionContext.executeBare(MavenExecutionContext.java:176) ~[org.eclipse.m2e.core_1.6.2.20150902-0002.jar:na]
	at org.eclipse.m2e.core.internal.embedder.MavenExecutionContext.execute(MavenExecutionContext.java:151) ~[org.eclipse.m2e.core_1.6.2.20150902-0002.jar:na]
	at org.eclipse.m2e.core.internal.embedder.MavenExecutionContext.execute(MavenExecutionContext.java:99) ~[org.eclipse.m2e.core_1.6.2.20150902-0002.jar:na]
	at org.eclipse.m2e.core.internal.project.registry.ProjectRegistryManager.execute(ProjectRegistryManager.java:956) ~[org.eclipse.m2e.core_1.6.2.20150902-0002.jar:na]
	at org.eclipse.m2e.core.internal.project.registry.ProjectRegistryManager.readProjectWithDependencies(ProjectRegistryManager.java:811) ~[org.eclipse.m2e.core_1.6.2.20150902-0002.jar:na]
	at org.eclipse.m2e.core.internal.project.registry.ProjectRegistryManager.create(ProjectRegistryManager.java:191) ~[org.eclipse.m2e.core_1.6.2.20150902-0002.jar:na]
	at org.eclipse.m2e.core.internal.project.registry.MavenProjectManager.create(MavenProjectManager.java:80) [org.eclipse.m2e.core_1.6.2.20150902-0002.jar:na]
	at org.eclipse.m2e.profiles.ui.internal.actions.ProfileSelectionHandler.getMavenProjects(ProfileSelectionHandler.java:166) [org.eclipse.m2e.profiles.ui_1.6.2.20150902-0002.jar:na]
	at org.eclipse.m2e.profiles.ui.internal.actions.ProfileSelectionHandler.execute(ProfileSelectionHandler.java:99) [org.eclipse.m2e.profiles.ui_1.6.2.20150902-0002.jar:na]
	at org.eclipse.m2e.profiles.ui.internal.actions.ProfileSelectionHandler.execute(ProfileSelectionHandler.java:82) [org.eclipse.m2e.profiles.ui_1.6.2.20150902-0002.jar:na]
	at org.eclipse.ui.internal.handlers.HandlerProxy.execute(HandlerProxy.java:295) [org.eclipse.ui.workbench_3.107.1.v20160120-2131.jar:na]
	at org.eclipse.ui.internal.handlers.E4HandlerProxy.execute(E4HandlerProxy.java:90) [org.eclipse.ui.workbench_3.107.1.v20160120-2131.jar:na]
	at sun.reflect.NativeMethodAccessorImpl.invoke0(Native Method) ~[na:1.8.0_77]
	at sun.reflect.NativeMethodAccessorImpl.invoke(NativeMethodAccessorImpl.java:62) ~[na:1.8.0_77]
	at sun.reflect.DelegatingMethodAccessorImpl.invoke(DelegatingMethodAccessorImpl.java:43) ~[na:1.8.0_77]
	at java.lang.reflect.Method.invoke(Method.java:498) ~[na:1.8.0_77]
	at org.eclipse.e4.core.internal.di.MethodRequestor.execute(MethodRequestor.java:56) [org.eclipse.e4.core.di_1.5.0.v20150421-2214.jar:na]
	at org.eclipse.e4.core.internal.di.InjectorImpl.invokeUsingClass(InjectorImpl.java:252) [org.eclipse.e4.core.di_1.5.0.v20150421-2214.jar:na]
	at org.eclipse.e4.core.internal.di.InjectorImpl.invoke(InjectorImpl.java:234) [org.eclipse.e4.core.di_1.5.0.v20150421-2214.jar:na]
	at org.eclipse.e4.core.contexts.ContextInjectionFactory.invoke(ContextInjectionFactory.java:132) [org.eclipse.e4.core.contexts_1.4.0.v20150828-0818.jar:na]
	at org.eclipse.e4.core.commands.internal.HandlerServiceHandler.execute(HandlerServiceHandler.java:152) [org.eclipse.e4.core.commands_0.11.0.v20150422-0725.jar:na]
	at org.eclipse.core.commands.Command.executeWithChecks(Command.java:493) [org.eclipse.core.commands_3.7.0.v20150422-0725.jar:na]
	at org.eclipse.core.commands.ParameterizedCommand.executeWithChecks(ParameterizedCommand.java:486) [org.eclipse.core.commands_3.7.0.v20150422-0725.jar:na]
	at org.eclipse.e4.core.commands.internal.HandlerServiceImpl.executeHandler(HandlerServiceImpl.java:210) [org.eclipse.e4.core.commands_0.11.0.v20150422-0725.jar:na]
	at org.eclipse.ui.internal.handlers.LegacyHandlerService.executeCommand(LegacyHandlerService.java:343) [org.eclipse.ui.workbench_3.107.1.v20160120-2131.jar:na]
	at org.eclipse.ui.internal.handlers.LegacyHandlerService.executeCommand(LegacyHandlerService.java:330) [org.eclipse.ui.workbench_3.107.1.v20160120-2131.jar:na]
	at org.eclipse.m2e.profiles.ui.internal.actions.GenericCommandActionDelegate.run(GenericCommandActionDelegate.java:91) [org.eclipse.m2e.profiles.ui_1.6.2.20150902-0002.jar:na]
	at org.eclipse.ui.internal.PluginAction.runWithEvent(PluginAction.java:247) [org.eclipse.ui.workbench_3.107.1.v20160120-2131.jar:na]
	at org.eclipse.jface.action.ActionContributionItem.handleWidgetSelection(ActionContributionItem.java:595) [org.eclipse.jface_3.11.1.v20160128-1644.jar:na]
	at org.eclipse.jface.action.ActionContributionItem.access$2(ActionContributionItem.java:511) [org.eclipse.jface_3.11.1.v20160128-1644.jar:na]
	at org.eclipse.jface.action.ActionContributionItem$5.handleEvent(ActionContributionItem.java:420) [org.eclipse.jface_3.11.1.v20160128-1644.jar:na]
	at org.eclipse.swt.widgets.EventTable.sendEvent(EventTable.java:84) [org.eclipse.swt.gtk.linux.x86_64_3.104.2.v20160212-1350.jar:na]
	at org.eclipse.swt.widgets.Display.sendEvent(Display.java:4481) [org.eclipse.swt.gtk.linux.x86_64_3.104.2.v20160212-1350.jar:na]
	at org.eclipse.swt.widgets.Widget.sendEvent(Widget.java:1329) [org.eclipse.swt.gtk.linux.x86_64_3.104.2.v20160212-1350.jar:na]
	at org.eclipse.swt.widgets.Display.runDeferredEvents(Display.java:3819) [org.eclipse.swt.gtk.linux.x86_64_3.104.2.v20160212-1350.jar:na]
	at org.eclipse.swt.widgets.Display.readAndDispatch(Display.java:3430) [org.eclipse.swt.gtk.linux.x86_64_3.104.2.v20160212-1350.jar:na]
	at org.eclipse.e4.ui.internal.workbench.swt.PartRenderingEngine$4.run(PartRenderingEngine.java:1127) [org.eclipse.e4.ui.workbench.swt_0.13.0.v20150504-0621.jar:na]
	at org.eclipse.core.databinding.observable.Realm.runWithDefault(Realm.java:337) [org.eclipse.core.databinding.observable_1.5.0.v20150422-0725.jar:na]
	at org.eclipse.e4.ui.internal.workbench.swt.PartRenderingEngine.run(PartRenderingEngine.java:1018) [org.eclipse.e4.ui.workbench.swt_0.13.0.v20150504-0621.jar:na]
	at org.eclipse.e4.ui.internal.workbench.E4Workbench.createAndRunUI(E4Workbench.java:156) [org.eclipse.e4.ui.workbench_1.3.1.v20160203-0951.jar:na]
	at org.eclipse.ui.internal.Workbench$5.run(Workbench.java:694) [org.eclipse.ui.workbench_3.107.1.v20160120-2131.jar:na]
	at org.eclipse.core.databinding.observable.Realm.runWithDefault(Realm.java:337) [org.eclipse.core.databinding.observable_1.5.0.v20150422-0725.jar:na]
	at org.eclipse.ui.internal.Workbench.createAndRunWorkbench(Workbench.java:606) [org.eclipse.ui.workbench_3.107.1.v20160120-2131.jar:na]
	at org.eclipse.ui.PlatformUI.createAndRunWorkbench(PlatformUI.java:150) [org.eclipse.ui.workbench_3.107.1.v20160120-2131.jar:na]
	at org.eclipse.ui.internal.ide.application.IDEApplication.start(IDEApplication.java:139) [org.eclipse.ui.ide.application_1.1.0.v20150422-0725.jar:na]
	at org.eclipse.equinox.internal.app.EclipseAppHandle.run(EclipseAppHandle.java:196) [org.eclipse.equinox.app_1.3.300.v20150423-1356.jar:na]
	at org.eclipse.core.runtime.internal.adaptor.EclipseAppLauncher.runApplication(EclipseAppLauncher.java:134) [org.eclipse.osgi_3.10.102.v20160118-1700.jar:na]
	at org.eclipse.core.runtime.internal.adaptor.EclipseAppLauncher.start(EclipseAppLauncher.java:104) [org.eclipse.osgi_3.10.102.v20160118-1700.jar:na]
	at org.eclipse.core.runtime.adaptor.EclipseStarter.run(EclipseStarter.java:380) [org.eclipse.osgi_3.10.102.v20160118-1700.jar:na]
	at org.eclipse.core.runtime.adaptor.EclipseStarter.run(EclipseStarter.java:235) [org.eclipse.osgi_3.10.102.v20160118-1700.jar:na]
	at sun.reflect.NativeMethodAccessorImpl.invoke0(Native Method) ~[na:1.8.0_77]
	at sun.reflect.NativeMethodAccessorImpl.invoke(NativeMethodAccessorImpl.java:62) ~[na:1.8.0_77]
	at sun.reflect.DelegatingMethodAccessorImpl.invoke(DelegatingMethodAccessorImpl.java:43) ~[na:1.8.0_77]
	at java.lang.reflect.Method.invoke(Method.java:498) ~[na:1.8.0_77]
	at org.eclipse.equinox.launcher.Main.invokeFramework(Main.java:669) [org.eclipse.equinox.launcher_1.3.100.v20150511-1540.jar:na]
	at org.eclipse.equinox.launcher.Main.basicRun(Main.java:608) [org.eclipse.equinox.launcher_1.3.100.v20150511-1540.jar:na]
	at org.eclipse.equinox.launcher.Main.run(Main.java:1515) [org.eclipse.equinox.launcher_1.3.100.v20150511-1540.jar:na]
	at org.eclipse.equinox.launcher.Main.main(Main.java:1488) [org.eclipse.equinox.launcher_1.3.100.v20150511-1540.jar:na]
Caused by: org.apache.maven.model.building.ModelBuildingException: 1 problem was encountered while building the effective model
[FATAL] Non-readable POM /home/dario/Desktop/backend/lcbsdb/pom.xml: /home/dario/Desktop/backend/lcbsdb/pom.xml (No such file or directory) @ 

	at org.apache.maven.model.building.DefaultModelProblemCollector.newModelBuildingException(DefaultModelProblemCollector.java:197) ~[maven-model-builder-3.3.3.jar:3.3.3]
	at org.apache.maven.model.building.DefaultModelBuilder.readModel(DefaultModelBuilder.java:594) ~[maven-model-builder-3.3.3.jar:3.3.3]
	at org.apache.maven.model.building.DefaultModelBuilder.build(DefaultModelBuilder.java:269) ~[maven-model-builder-3.3.3.jar:3.3.3]
	at org.apache.maven.project.DefaultProjectBuilder.build(DefaultProjectBuilder.java:161) ~[maven-core-3.3.3.jar:3.3.3]
	... 62 common frames omitted
2016-06-18 15:02:22,167 [Worker-14] INFO  o.e.m.i.launch.MavenLaunchDelegate - /home/dario/Desktop/backend/lcbsdb
2016-06-18 15:02:22,168 [Worker-14] INFO  o.e.m.i.launch.MavenLaunchDelegate -  mvn  -B install
2016-06-18 15:02:43,197 [Worker-11] INFO  o.e.m.i.launch.MavenLaunchDelegate - /home/dario/Desktop/backend/lcbsdb
2016-06-18 15:02:43,198 [Worker-11] INFO  o.e.m.i.launch.MavenLaunchDelegate -  mvn  -B generate-sources
2016-06-18 15:02:57,177 [Worker-8] INFO  o.e.m.i.launch.MavenLaunchDelegate - /home/dario/Desktop/backend/lcbsdb
2016-06-18 15:02:57,177 [Worker-8] INFO  o.e.m.i.launch.MavenLaunchDelegate -  mvn  -B clean verify
2016-06-18 15:03:26,910 [Worker-3] INFO  o.e.m.c.i.l.LifecycleMappingFactory - Using org.maven.ide.eclipse.wtp.EjbLifecycleMapping lifecycle mapping for MavenProject: lcbs:lcbsdb:0.0.1-SNAPSHOT @ /home/dario/Desktop/backend/lcbsdb/pom.xml.
2016-06-18 15:03:27,151 [Worker-3] WARN  o.e.m.c.i.embedder.EclipseLogger - The POM for org.infinispan:infinispan-core:jar:4.2.1.FINAL is missing, no dependency information available
2016-06-18 15:03:27,827 [Worker-3] WARN  o.e.m.c.i.embedder.EclipseLogger - Using platform encoding (UTF-8 actually) to copy filtered resources, i.e. build is platform dependent!
2016-06-18 15:03:27,828 [Worker-3] INFO  o.e.m.c.i.embedder.EclipseLogger - Copying 4 resources
2016-06-18 15:03:27,830 [Worker-3] WARN  o.e.m.c.i.embedder.EclipseLogger - Using platform encoding (UTF-8 actually) to copy filtered resources, i.e. build is platform dependent!
2016-06-18 15:03:27,830 [Worker-3] INFO  o.e.m.c.i.embedder.EclipseLogger - skip non existing resourceDirectory /home/dario/Desktop/backend/lcbsdb/src/test/resources
2016-06-18 15:03:29,750 [Worker-14] INFO  o.e.m.c.i.embedder.EclipseLogger - Using 'UTF-8' encoding to copy filtered resources.
2016-06-18 15:03:29,751 [Worker-14] INFO  o.e.m.c.i.embedder.EclipseLogger - Copying 1 resource
2016-06-18 15:03:29,752 [Worker-14] INFO  o.e.m.c.i.embedder.EclipseLogger - Using 'UTF-8' encoding to copy filtered resources.
2016-06-18 15:03:29,752 [Worker-14] INFO  o.e.m.c.i.embedder.EclipseLogger - Copying 3 resources
2016-06-18 15:03:34,005 [Worker-13] INFO  o.e.m.i.launch.MavenLaunchDelegate - /home/dario/Desktop/backend/lcbsdb
2016-06-18 15:03:34,005 [Worker-13] INFO  o.e.m.i.launch.MavenLaunchDelegate -  mvn  -B clean verify
2016-06-18 15:06:17,934 [Worker-16] WARN  o.e.m.c.i.embedder.EclipseLogger - The POM for org.infinispan:infinispan-core:jar:4.2.1.FINAL is missing, no dependency information available
2016-06-18 15:06:32,784 [Worker-3] INFO  o.e.m.c.i.l.LifecycleMappingFactory - Using org.maven.ide.eclipse.wtp.EjbLifecycleMapping lifecycle mapping for MavenProject: lcbs:lcbsdb:0.0.1-SNAPSHOT @ /home/dario/Desktop/backend/lcbsdb/pom.xml.
2016-06-18 15:06:32,928 [Worker-3] WARN  o.e.m.c.i.embedder.EclipseLogger - The POM for org.infinispan:infinispan-core:jar:4.2.1.FINAL is missing, no dependency information available
2016-06-18 15:06:33,525 [Worker-3] WARN  o.e.m.c.i.embedder.EclipseLogger - Using platform encoding (UTF-8 actually) to copy filtered resources, i.e. build is platform dependent!
2016-06-18 15:06:33,530 [Worker-3] INFO  o.e.m.c.i.embedder.EclipseLogger - Copying 0 resource
2016-06-18 15:06:33,531 [Worker-3] WARN  o.e.m.c.i.embedder.EclipseLogger - Using platform encoding (UTF-8 actually) to copy filtered resources, i.e. build is platform dependent!
2016-06-18 15:06:33,532 [Worker-3] INFO  o.e.m.c.i.embedder.EclipseLogger - skip non existing resourceDirectory /home/dario/Desktop/backend/lcbsdb/src/test/resources
2016-06-18 15:07:29,775 [Worker-4] INFO  o.e.m.c.i.l.LifecycleMappingFactory - Using org.maven.ide.eclipse.wtp.EjbLifecycleMapping lifecycle mapping for MavenProject: lcbs:lcbsdb:0.0.1-SNAPSHOT @ /home/dario/Desktop/backend/lcbsdb/pom.xml.
2016-06-18 15:07:31,089 [Worker-17] INFO  o.e.m.c.i.e.AbstractTransferListenerAdapter - Downloading https://repository.jboss.org/nexus/content/repositories/releases/org/infinispan/infinispan-core/4.2.1.FINAL/infinispan-core-4.2.1.FINAL.pom
2016-06-18 15:07:31,755 [Worker-17] INFO  o.e.m.c.i.e.AbstractTransferListenerAdapter - Downloaded https://repository.jboss.org/nexus/content/repositories/releases/org/infinispan/infinispan-core/4.2.1.FINAL/infinispan-core-4.2.1.FINAL.pom
2016-06-18 15:07:31,990 [Worker-4] INFO  o.e.m.c.i.e.AbstractTransferListenerAdapter - Downloading https://repository.jboss.org/nexus/content/repositories/releases/org/infinispan/infinispan-parent/4.2.1.FINAL/infinispan-parent-4.2.1.FINAL.pom
2016-06-18 15:07:32,855 [Worker-4] INFO  o.e.m.c.i.e.AbstractTransferListenerAdapter - Downloaded https://repository.jboss.org/nexus/content/repositories/releases/org/infinispan/infinispan-parent/4.2.1.FINAL/infinispan-parent-4.2.1.FINAL.pom
2016-06-18 15:07:33,078 [Worker-17] INFO  o.e.m.c.i.e.AbstractTransferListenerAdapter - Downloading https://repository.jboss.org/nexus/content/repositories/releases/org/jgroups/jgroups/2.12.0.CR5/jgroups-2.12.0.CR5.pom
2016-06-18 15:07:33,576 [Worker-17] INFO  o.e.m.c.i.e.AbstractTransferListenerAdapter - Downloaded https://repository.jboss.org/nexus/content/repositories/releases/org/jgroups/jgroups/2.12.0.CR5/jgroups-2.12.0.CR5.pom
2016-06-18 15:07:33,797 [Worker-17] INFO  o.e.m.c.i.e.AbstractTransferListenerAdapter - Downloading https://repository.jboss.org/nexus/content/repositories/releases/org/jboss/javaee/jboss-transaction-api/1.0.1.GA/jboss-transaction-api-1.0.1.GA.pom
2016-06-18 15:07:34,249 [Worker-17] INFO  o.e.m.c.i.e.AbstractTransferListenerAdapter - Downloaded https://repository.jboss.org/nexus/content/repositories/releases/org/jboss/javaee/jboss-transaction-api/1.0.1.GA/jboss-transaction-api-1.0.1.GA.pom
2016-06-18 15:07:34,469 [Worker-4] INFO  o.e.m.c.i.e.AbstractTransferListenerAdapter - Downloading https://repository.jboss.org/nexus/content/repositories/releases/org/jboss/javaee/jboss-javaee-parent/5.2.0.Beta1/jboss-javaee-parent-5.2.0.Beta1.pom
2016-06-18 15:07:34,922 [Worker-4] INFO  o.e.m.c.i.e.AbstractTransferListenerAdapter - Downloaded https://repository.jboss.org/nexus/content/repositories/releases/org/jboss/javaee/jboss-javaee-parent/5.2.0.Beta1/jboss-javaee-parent-5.2.0.Beta1.pom
2016-06-18 15:07:35,162 [Worker-4] INFO  o.e.m.c.i.e.AbstractTransferListenerAdapter - Downloading https://repository.jboss.org/nexus/content/repositories/releases/org/jboss/jboss-parent/3/jboss-parent-3.pom
2016-06-18 15:07:35,620 [Worker-4] INFO  o.e.m.c.i.e.AbstractTransferListenerAdapter - Downloaded https://repository.jboss.org/nexus/content/repositories/releases/org/jboss/jboss-parent/3/jboss-parent-3.pom
2016-06-18 15:07:35,845 [Worker-17] INFO  o.e.m.c.i.e.AbstractTransferListenerAdapter - Downloading https://repository.jboss.org/nexus/content/repositories/releases/org/jboss/marshalling/river/1.2.3.GA/river-1.2.3.GA.pom
2016-06-18 15:07:36,502 [Worker-17] INFO  o.e.m.c.i.e.AbstractTransferListenerAdapter - Downloaded https://repository.jboss.org/nexus/content/repositories/releases/org/jboss/marshalling/river/1.2.3.GA/river-1.2.3.GA.pom
2016-06-18 15:07:36,723 [Worker-4] INFO  o.e.m.c.i.e.AbstractTransferListenerAdapter - Downloading https://repository.jboss.org/nexus/content/repositories/releases/org/jboss/marshalling/marshalling-api/1.2.3.GA/marshalling-api-1.2.3.GA.pom
2016-06-18 15:07:37,381 [Worker-4] INFO  o.e.m.c.i.e.AbstractTransferListenerAdapter - Downloaded https://repository.jboss.org/nexus/content/repositories/releases/org/jboss/marshalling/marshalling-api/1.2.3.GA/marshalling-api-1.2.3.GA.pom
2016-06-18 15:07:37,606 [Worker-17] INFO  o.e.m.c.i.e.AbstractTransferListenerAdapter - Downloading https://repository.jboss.org/nexus/content/repositories/releases/org/rhq/helpers/rhq-pluginAnnotations/3.0.1/rhq-pluginAnnotations-3.0.1.pom
2016-06-18 15:07:38,262 [Worker-17] INFO  o.e.m.c.i.e.AbstractTransferListenerAdapter - Downloaded https://repository.jboss.org/nexus/content/repositories/releases/org/rhq/helpers/rhq-pluginAnnotations/3.0.1/rhq-pluginAnnotations-3.0.1.pom
2016-06-18 15:07:38,482 [Worker-17] INFO  o.e.m.c.i.e.AbstractTransferListenerAdapter - Downloading https://repository.jboss.org/nexus/content/repositories/releases/org/rhq/rhq-parent/3.0.0/rhq-parent-3.0.0.pom
2016-06-18 15:07:38,947 [Worker-17] INFO  o.e.m.c.i.e.AbstractTransferListenerAdapter - Downloaded https://repository.jboss.org/nexus/content/repositories/releases/org/rhq/rhq-parent/3.0.0/rhq-parent-3.0.0.pom
2016-06-18 15:07:39,167 [Worker-4] INFO  o.e.m.c.i.e.AbstractTransferListenerAdapter - Downloaded https://repository.jboss.org/nexus/content/repositories/releases/i18nlog/i18nlog/1.0.10/i18nlog-1.0.10.pom
2016-06-18 15:07:40,624 [Worker-4] INFO  o.e.m.c.i.e.AbstractTransferListenerAdapter - Downloaded https://repo.maven.apache.org/maven2/i18nlog/i18nlog/1.0.10/i18nlog-1.0.10.pom
2016-06-18 15:07:41,464 [Worker-4] INFO  o.e.m.c.i.e.AbstractTransferListenerAdapter - Downloaded http://scala-tools.org/repo-releases/i18nlog/i18nlog/1.0.10/i18nlog-1.0.10.pom
2016-06-18 15:07:42,670 [Worker-4] INFO  o.e.m.c.i.e.AbstractTransferListenerAdapter - Downloaded https://repository.jboss.org/maven2/i18nlog/i18nlog/1.0.10/i18nlog-1.0.10.pom
2016-06-18 15:07:43,754 [Worker-4] INFO  o.e.m.c.i.e.AbstractTransferListenerAdapter - Downloading https://repository.jboss.org/nexus/content/repositories/thirdparty-uploads/i18nlog/i18nlog/1.0.10/i18nlog-1.0.10.pom
2016-06-18 15:07:44,228 [Worker-4] INFO  o.e.m.c.i.e.AbstractTransferListenerAdapter - Downloaded https://repository.jboss.org/nexus/content/repositories/thirdparty-uploads/i18nlog/i18nlog/1.0.10/i18nlog-1.0.10.pom
2016-06-18 15:07:44,705 [Worker-4] INFO  o.e.m.c.i.e.AbstractTransferListenerAdapter - Downloading https://repository.jboss.org/nexus/content/repositories/releases/org/infinispan/infinispan-core/4.2.1.FINAL/infinispan-core-4.2.1.FINAL.jar
2016-06-18 15:07:49,748 [Worker-4] INFO  o.e.m.c.i.e.AbstractTransferListenerAdapter - Downloaded https://repository.jboss.org/nexus/content/repositories/releases/org/infinispan/infinispan-core/4.2.1.FINAL/infinispan-core-4.2.1.FINAL.jar
2016-06-18 15:07:49,967 [Worker-4] INFO  o.e.m.c.i.e.AbstractTransferListenerAdapter - Downloading https://repository.jboss.org/nexus/content/repositories/releases/org/jgroups/jgroups/2.12.0.CR5/jgroups-2.12.0.CR5.jar
2016-06-18 15:07:57,420 [Worker-4] INFO  o.e.m.c.i.e.AbstractTransferListenerAdapter - Downloaded https://repository.jboss.org/nexus/content/repositories/releases/org/jgroups/jgroups/2.12.0.CR5/jgroups-2.12.0.CR5.jar
2016-06-18 15:07:57,642 [Worker-4] INFO  o.e.m.c.i.e.AbstractTransferListenerAdapter - Downloading https://repository.jboss.org/nexus/content/repositories/releases/org/jboss/javaee/jboss-transaction-api/1.0.1.GA/jboss-transaction-api-1.0.1.GA.jar
2016-06-18 15:07:58,119 [Worker-4] INFO  o.e.m.c.i.e.AbstractTransferListenerAdapter - Downloaded https://repository.jboss.org/nexus/content/repositories/releases/org/jboss/javaee/jboss-transaction-api/1.0.1.GA/jboss-transaction-api-1.0.1.GA.jar
2016-06-18 15:07:58,343 [Worker-4] INFO  o.e.m.c.i.e.AbstractTransferListenerAdapter - Downloading https://repository.jboss.org/nexus/content/repositories/releases/org/jboss/marshalling/river/1.2.3.GA/river-1.2.3.GA.jar
2016-06-18 15:07:59,255 [Worker-4] INFO  o.e.m.c.i.e.AbstractTransferListenerAdapter - Downloaded https://repository.jboss.org/nexus/content/repositories/releases/org/jboss/marshalling/river/1.2.3.GA/river-1.2.3.GA.jar
2016-06-18 15:07:59,477 [Worker-4] INFO  o.e.m.c.i.e.AbstractTransferListenerAdapter - Downloading https://repository.jboss.org/nexus/content/repositories/releases/org/jboss/marshalling/marshalling-api/1.2.3.GA/marshalling-api-1.2.3.GA.jar
2016-06-18 15:08:00,636 [Worker-4] INFO  o.e.m.c.i.e.AbstractTransferListenerAdapter - Downloaded https://repository.jboss.org/nexus/content/repositories/releases/org/jboss/marshalling/marshalling-api/1.2.3.GA/marshalling-api-1.2.3.GA.jar
2016-06-18 15:08:00,864 [Worker-4] INFO  o.e.m.c.i.e.AbstractTransferListenerAdapter - Downloading https://repository.jboss.org/nexus/content/repositories/releases/org/rhq/helpers/rhq-pluginAnnotations/3.0.1/rhq-pluginAnnotations-3.0.1.jar
2016-06-18 15:08:01,335 [Worker-4] INFO  o.e.m.c.i.e.AbstractTransferListenerAdapter - Downloaded https://repository.jboss.org/nexus/content/repositories/releases/org/rhq/helpers/rhq-pluginAnnotations/3.0.1/rhq-pluginAnnotations-3.0.1.jar
2016-06-18 15:08:01,554 [Worker-4] INFO  o.e.m.c.i.e.AbstractTransferListenerAdapter - Downloaded https://repository.jboss.org/nexus/content/repositories/releases/i18nlog/i18nlog/1.0.10/i18nlog-1.0.10.jar
2016-06-18 15:08:03,120 [Worker-4] INFO  o.e.m.c.i.e.AbstractTransferListenerAdapter - Downloaded https://repo.maven.apache.org/maven2/i18nlog/i18nlog/1.0.10/i18nlog-1.0.10.jar
2016-06-18 15:08:03,677 [Worker-4] INFO  o.e.m.c.i.e.AbstractTransferListenerAdapter - Downloaded http://scala-tools.org/repo-releases/i18nlog/i18nlog/1.0.10/i18nlog-1.0.10.jar
2016-06-18 15:08:05,103 [Worker-4] INFO  o.e.m.c.i.e.AbstractTransferListenerAdapter - Downloaded https://repository.jboss.org/maven2/i18nlog/i18nlog/1.0.10/i18nlog-1.0.10.jar
2016-06-18 15:08:06,166 [Worker-4] INFO  o.e.m.c.i.e.AbstractTransferListenerAdapter - Downloading https://repository.jboss.org/nexus/content/repositories/thirdparty-uploads/i18nlog/i18nlog/1.0.10/i18nlog-1.0.10.jar
2016-06-18 15:08:07,276 [Worker-4] INFO  o.e.m.c.i.e.AbstractTransferListenerAdapter - Downloaded https://repository.jboss.org/nexus/content/repositories/thirdparty-uploads/i18nlog/i18nlog/1.0.10/i18nlog-1.0.10.jar
2016-06-18 15:08:07,902 [Worker-4] WARN  o.e.m.c.i.embedder.EclipseLogger - Using platform encoding (UTF-8 actually) to copy filtered resources, i.e. build is platform dependent!
2016-06-18 15:08:07,903 [Worker-4] INFO  o.e.m.c.i.embedder.EclipseLogger - Copying 0 resource
2016-06-18 15:08:07,910 [Worker-4] WARN  o.e.m.c.i.embedder.EclipseLogger - Using platform encoding (UTF-8 actually) to copy filtered resources, i.e. build is platform dependent!
2016-06-18 15:08:07,910 [Worker-4] INFO  o.e.m.c.i.embedder.EclipseLogger - skip non existing resourceDirectory /home/dario/Desktop/backend/lcbsdb/src/test/resources
2016-06-18 15:08:10,804 [Worker-11] WARN  o.e.m.c.i.embedder.EclipseLogger - Using platform encoding (UTF-8 actually) to copy filtered resources, i.e. build is platform dependent!
2016-06-18 15:08:10,810 [Worker-11] INFO  o.e.m.c.i.embedder.EclipseLogger - Copying 4 resources
2016-06-18 15:08:10,813 [Worker-11] WARN  o.e.m.c.i.embedder.EclipseLogger - Using platform encoding (UTF-8 actually) to copy filtered resources, i.e. build is platform dependent!
2016-06-18 15:08:10,813 [Worker-11] INFO  o.e.m.c.i.embedder.EclipseLogger - skip non existing resourceDirectory /home/dario/Desktop/backend/lcbsdb/src/test/resources
2016-06-18 15:08:12,295 [Worker-18] WARN  o.e.m.c.i.embedder.EclipseLogger - Using platform encoding (UTF-8 actually) to copy filtered resources, i.e. build is platform dependent!
2016-06-18 15:08:12,299 [Worker-18] INFO  o.e.m.c.i.embedder.EclipseLogger - Copying 4 resources
2016-06-18 15:08:12,301 [Worker-18] WARN  o.e.m.c.i.embedder.EclipseLogger - Using platform encoding (UTF-8 actually) to copy filtered resources, i.e. build is platform dependent!
2016-06-18 15:08:12,302 [Worker-18] INFO  o.e.m.c.i.embedder.EclipseLogger - skip non existing resourceDirectory /home/dario/Desktop/backend/lcbsdb/src/test/resources
2016-06-18 15:39:04,687 [Worker-4] INFO  o.e.m.c.i.p.ProjectConfigurationManager - Update started
2016-06-18 15:39:05,300 [Worker-4] INFO  o.e.m.c.i.l.LifecycleMappingFactory - Using org.maven.ide.eclipse.wtp.WarLifecycleMapping lifecycle mapping for MavenProject: lcbs:lcbsapi:0.0.1-SNAPSHOT @ /home/dario/Desktop/backend/lcbsapi/pom.xml.
2016-06-18 15:39:05,634 [Worker-4] INFO  o.e.m.c.i.l.LifecycleMappingFactory - Using org.maven.ide.eclipse.wtp.EjbLifecycleMapping lifecycle mapping for MavenProject: lcbs:lcbsdb:0.0.1-SNAPSHOT @ /home/dario/Desktop/backend/lcbsdb/pom.xml.
2016-06-18 15:39:07,003 [Worker-4] INFO  o.e.m.j.i.AbstractJavaProjectConfigurator - Adding source folder /lcbsapi/src/main/java
2016-06-18 15:39:07,004 [Worker-4] INFO  o.e.m.j.i.AbstractJavaProjectConfigurator - Adding resource folder /lcbsapi/src/main/resources
2016-06-18 15:39:07,005 [Worker-4] INFO  o.e.m.j.i.AbstractJavaProjectConfigurator - Adding source folder /lcbsapi/src/test/java
2016-06-18 15:39:07,005 [Worker-4] INFO  o.e.m.j.i.AbstractJavaProjectConfigurator - Adding resource folder /lcbsapi/src/test/resources
2016-06-18 15:39:07,548 [Worker-4] INFO  o.e.m.j.i.AbstractJavaProjectConfigurator - Adding source folder /lcbsdb/src
2016-06-18 15:39:07,548 [Worker-4] INFO  o.e.m.j.i.AbstractJavaProjectConfigurator - Resources folder /lcbsdb/src overlaps with sources folder /lcbsdb/src
2016-06-18 15:39:07,549 [Worker-4] INFO  o.e.m.j.i.AbstractJavaProjectConfigurator - Not adding source folder /lcbsdb/src/test/java because it overlaps with /lcbsdb/src
2016-06-18 15:39:08,569 [Worker-4] INFO  o.e.m.w.i.f.ResourceFilteringBuildParticipant - Cleaning filtered folder for lcbsapi
2016-06-18 15:39:08,712 [Worker-4] INFO  o.e.m.c.i.p.ProjectConfigurationManager - Update completed: 4 sec
2016-06-18 15:39:14,018 [Worker-25] WARN  o.e.m.c.i.embedder.EclipseLogger - Using platform encoding (UTF-8 actually) to copy filtered resources, i.e. build is platform dependent!
2016-06-18 15:39:14,023 [Worker-25] INFO  o.e.m.c.i.embedder.EclipseLogger - Copying 4 resources
2016-06-18 15:39:14,044 [Worker-25] WARN  o.e.m.c.i.embedder.EclipseLogger - Using platform encoding (UTF-8 actually) to copy filtered resources, i.e. build is platform dependent!
2016-06-18 15:39:14,045 [Worker-25] INFO  o.e.m.c.i.embedder.EclipseLogger - skip non existing resourceDirectory /home/dario/Desktop/backend/lcbsdb/src/test/resources
2016-06-18 15:39:15,397 [Worker-4] INFO  o.e.m.c.i.embedder.EclipseLogger - Using 'UTF-8' encoding to copy filtered resources.
2016-06-18 15:39:15,397 [Worker-4] INFO  o.e.m.c.i.embedder.EclipseLogger - Copying 1 resource
2016-06-18 15:39:15,409 [Worker-4] INFO  o.e.m.c.i.embedder.EclipseLogger - Using 'UTF-8' encoding to copy filtered resources.
2016-06-18 15:39:15,410 [Worker-4] INFO  o.e.m.c.i.embedder.EclipseLogger - Copying 3 resources
2016-06-18 15:39:15,410 [Worker-4] INFO  o.e.m.w.i.f.ResourceFilteringBuildParticipant - Changed resources require a complete clean of filtered resources of lcbsapi
2016-06-18 15:39:15,411 [Worker-4] INFO  o.e.m.w.i.f.ResourceFilteringBuildParticipant - Executing resource filtering for lcbsapi
2016-06-18 15:39:15,414 [Worker-4] WARN  o.e.m.c.i.embedder.EclipseLogger - The POM for org.wildfly.plugins:wildfly-maven-plugin:jar:1.0.2.Final is missing, no dependency information available
2016-06-18 15:39:15,430 [Worker-4] WARN  o.e.m.c.i.embedder.EclipseLogger - Failed to retrieve plugin descriptor for org.wildfly.plugins:wildfly-maven-plugin:1.0.2.Final: Plugin org.wildfly.plugins:wildfly-maven-plugin:1.0.2.Final or one of its dependencies could not be resolved: Cannot access central (https://repo.maven.apache.org/maven2) in offline mode and the artifact org.wildfly.plugins:wildfly-maven-plugin:jar:1.0.2.Final has not been downloaded from it before.
2016-06-18 15:39:15,449 [Worker-4] WARN  o.e.m.c.i.embedder.EclipseLogger - The POM for org.wildfly.plugins:wildfly-maven-plugin:jar:1.0.2.Final is missing, no dependency information available
2016-06-18 15:39:15,454 [Worker-4] WARN  o.e.m.c.i.embedder.EclipseLogger - Failed to retrieve plugin descriptor for org.wildfly.plugins:wildfly-maven-plugin:1.0.2.Final: Plugin org.wildfly.plugins:wildfly-maven-plugin:1.0.2.Final or one of its dependencies could not be resolved: Cannot access central (https://repo.maven.apache.org/maven2) in offline mode and the artifact org.wildfly.plugins:wildfly-maven-plugin:jar:1.0.2.Final has not been downloaded from it before.
2016-06-18 15:39:15,465 [Worker-4] INFO  o.e.m.c.i.embedder.EclipseLogger - Using 'UTF-8' encoding to copy filtered resources.
2016-06-18 15:41:11,382 [Worker-21] WARN  o.e.m.c.i.embedder.EclipseLogger - Using platform encoding (UTF-8 actually) to copy filtered resources, i.e. build is platform dependent!
2016-06-18 15:41:11,392 [Worker-21] INFO  o.e.m.c.i.embedder.EclipseLogger - Copying 4 resources
2016-06-18 15:41:11,395 [Worker-21] WARN  o.e.m.c.i.embedder.EclipseLogger - Using platform encoding (UTF-8 actually) to copy filtered resources, i.e. build is platform dependent!
2016-06-18 15:41:11,401 [Worker-21] INFO  o.e.m.c.i.embedder.EclipseLogger - skip non existing resourceDirectory /home/dario/Desktop/backend/lcbsdb/src/test/resources
2016-06-18 15:44:17,866 [Worker-25] WARN  o.e.m.c.i.embedder.EclipseLogger - Using platform encoding (UTF-8 actually) to copy filtered resources, i.e. build is platform dependent!
2016-06-18 15:44:17,867 [Worker-25] INFO  o.e.m.c.i.embedder.EclipseLogger - Copying 4 resources
2016-06-18 15:44:17,870 [Worker-25] WARN  o.e.m.c.i.embedder.EclipseLogger - Using platform encoding (UTF-8 actually) to copy filtered resources, i.e. build is platform dependent!
2016-06-18 15:44:17,872 [Worker-25] INFO  o.e.m.c.i.embedder.EclipseLogger - skip non existing resourceDirectory /home/dario/Desktop/backend/lcbsdb/src/test/resources
2016-06-18 15:44:21,760 [Worker-4] WARN  o.e.m.c.i.embedder.EclipseLogger - Using platform encoding (UTF-8 actually) to copy filtered resources, i.e. build is platform dependent!
2016-06-18 15:44:21,762 [Worker-4] INFO  o.e.m.c.i.embedder.EclipseLogger - Copying 0 resource
2016-06-18 15:44:21,764 [Worker-4] WARN  o.e.m.c.i.embedder.EclipseLogger - Using platform encoding (UTF-8 actually) to copy filtered resources, i.e. build is platform dependent!
2016-06-18 15:44:21,764 [Worker-4] INFO  o.e.m.c.i.embedder.EclipseLogger - skip non existing resourceDirectory /home/dario/Desktop/backend/lcbsdb/src/test/resources
2016-06-18 15:44:21,902 [Worker-4] INFO  o.e.m.c.i.embedder.EclipseLogger - Using 'UTF-8' encoding to copy filtered resources.
2016-06-18 15:44:21,902 [Worker-4] INFO  o.e.m.c.i.embedder.EclipseLogger - Copying 0 resource
2016-06-18 15:44:21,907 [Worker-4] INFO  o.e.m.c.i.embedder.EclipseLogger - Using 'UTF-8' encoding to copy filtered resources.
2016-06-18 15:44:21,907 [Worker-4] INFO  o.e.m.c.i.embedder.EclipseLogger - Copying 0 resource
2016-06-18 15:44:31,914 [Worker-25] WARN  o.e.m.c.i.embedder.EclipseLogger - Using platform encoding (UTF-8 actually) to copy filtered resources, i.e. build is platform dependent!
2016-06-18 15:44:31,918 [Worker-25] INFO  o.e.m.c.i.embedder.EclipseLogger - Copying 4 resources
2016-06-18 15:44:31,925 [Worker-25] WARN  o.e.m.c.i.embedder.EclipseLogger - Using platform encoding (UTF-8 actually) to copy filtered resources, i.e. build is platform dependent!
2016-06-18 15:44:31,929 [Worker-25] INFO  o.e.m.c.i.embedder.EclipseLogger - skip non existing resourceDirectory /home/dario/Desktop/backend/lcbsdb/src/test/resources
2016-06-18 15:46:57,358 [Worker-26] WARN  o.e.m.c.i.embedder.EclipseLogger - Using platform encoding (UTF-8 actually) to copy filtered resources, i.e. build is platform dependent!
2016-06-18 15:46:57,367 [Worker-26] INFO  o.e.m.c.i.embedder.EclipseLogger - Copying 4 resources
2016-06-18 15:46:57,368 [Worker-26] WARN  o.e.m.c.i.embedder.EclipseLogger - Using platform encoding (UTF-8 actually) to copy filtered resources, i.e. build is platform dependent!
2016-06-18 15:46:57,378 [Worker-26] INFO  o.e.m.c.i.embedder.EclipseLogger - skip non existing resourceDirectory /home/dario/Desktop/backend/lcbsdb/src/test/resources
2016-06-18 15:52:32,613 [Worker-27] WARN  o.e.m.c.i.embedder.EclipseLogger - Using platform encoding (UTF-8 actually) to copy filtered resources, i.e. build is platform dependent!
2016-06-18 15:52:32,615 [Worker-27] INFO  o.e.m.c.i.embedder.EclipseLogger - Copying 4 resources
2016-06-18 15:52:32,618 [Worker-27] WARN  o.e.m.c.i.embedder.EclipseLogger - Using platform encoding (UTF-8 actually) to copy filtered resources, i.e. build is platform dependent!
2016-06-18 15:52:32,620 [Worker-27] INFO  o.e.m.c.i.embedder.EclipseLogger - skip non existing resourceDirectory /home/dario/Desktop/backend/lcbsdb/src/test/resources
2016-06-18 15:54:06,150 [Worker-29] INFO  o.e.m.w.i.f.ResourceFilteringBuildParticipant - Cleaning filtered folder for lcbsapi
2016-06-18 15:54:08,326 [Worker-25] WARN  o.e.m.c.i.embedder.EclipseLogger - Using platform encoding (UTF-8 actually) to copy filtered resources, i.e. build is platform dependent!
2016-06-18 15:54:08,327 [Worker-25] INFO  o.e.m.c.i.embedder.EclipseLogger - Copying 4 resources
2016-06-18 15:54:08,330 [Worker-25] WARN  o.e.m.c.i.embedder.EclipseLogger - Using platform encoding (UTF-8 actually) to copy filtered resources, i.e. build is platform dependent!
2016-06-18 15:54:08,330 [Worker-25] INFO  o.e.m.c.i.embedder.EclipseLogger - skip non existing resourceDirectory /home/dario/Desktop/backend/lcbsdb/src/test/resources
2016-06-18 15:54:09,705 [Worker-28] INFO  o.e.m.c.i.embedder.EclipseLogger - Using 'UTF-8' encoding to copy filtered resources.
2016-06-18 15:54:09,705 [Worker-28] INFO  o.e.m.c.i.embedder.EclipseLogger - Copying 1 resource
2016-06-18 15:54:09,707 [Worker-28] INFO  o.e.m.c.i.embedder.EclipseLogger - Using 'UTF-8' encoding to copy filtered resources.
2016-06-18 15:54:09,707 [Worker-28] INFO  o.e.m.c.i.embedder.EclipseLogger - Copying 3 resources
2016-06-18 15:54:09,708 [Worker-28] INFO  o.e.m.w.i.f.ResourceFilteringBuildParticipant - Changed resources require a complete clean of filtered resources of lcbsapi
2016-06-18 15:54:09,708 [Worker-28] INFO  o.e.m.w.i.f.ResourceFilteringBuildParticipant - Executing resource filtering for lcbsapi
2016-06-18 15:54:09,710 [Worker-28] WARN  o.e.m.c.i.embedder.EclipseLogger - The POM for org.wildfly.plugins:wildfly-maven-plugin:jar:1.0.2.Final is missing, no dependency information available
2016-06-18 15:54:09,711 [Worker-28] WARN  o.e.m.c.i.embedder.EclipseLogger - Failed to retrieve plugin descriptor for org.wildfly.plugins:wildfly-maven-plugin:1.0.2.Final: Plugin org.wildfly.plugins:wildfly-maven-plugin:1.0.2.Final or one of its dependencies could not be resolved: Cannot access central (https://repo.maven.apache.org/maven2) in offline mode and the artifact org.wildfly.plugins:wildfly-maven-plugin:jar:1.0.2.Final has not been downloaded from it before.
2016-06-18 15:54:09,717 [Worker-28] WARN  o.e.m.c.i.embedder.EclipseLogger - The POM for org.wildfly.plugins:wildfly-maven-plugin:jar:1.0.2.Final is missing, no dependency information available
2016-06-18 15:54:09,718 [Worker-28] WARN  o.e.m.c.i.embedder.EclipseLogger - Failed to retrieve plugin descriptor for org.wildfly.plugins:wildfly-maven-plugin:1.0.2.Final: Plugin org.wildfly.plugins:wildfly-maven-plugin:1.0.2.Final or one of its dependencies could not be resolved: Cannot access central (https://repo.maven.apache.org/maven2) in offline mode and the artifact org.wildfly.plugins:wildfly-maven-plugin:jar:1.0.2.Final has not been downloaded from it before.
2016-06-18 15:54:09,732 [Worker-28] INFO  o.e.m.c.i.embedder.EclipseLogger - Using 'UTF-8' encoding to copy filtered resources.
2016-06-18 15:55:31,683 [Worker-4] WARN  o.e.m.c.i.embedder.EclipseLogger - Using platform encoding (UTF-8 actually) to copy filtered resources, i.e. build is platform dependent!
2016-06-18 15:55:31,684 [Worker-4] INFO  o.e.m.c.i.embedder.EclipseLogger - Copying 4 resources
2016-06-18 15:55:31,686 [Worker-4] WARN  o.e.m.c.i.embedder.EclipseLogger - Using platform encoding (UTF-8 actually) to copy filtered resources, i.e. build is platform dependent!
2016-06-18 15:55:31,686 [Worker-4] INFO  o.e.m.c.i.embedder.EclipseLogger - skip non existing resourceDirectory /home/dario/Desktop/backend/lcbsdb/src/test/resources
2016-06-18 15:55:31,899 [Worker-4] INFO  o.e.m.c.i.embedder.EclipseLogger - Using 'UTF-8' encoding to copy filtered resources.
2016-06-18 15:55:31,899 [Worker-4] INFO  o.e.m.c.i.embedder.EclipseLogger - Copying 1 resource
2016-06-18 15:55:31,900 [Worker-4] INFO  o.e.m.c.i.embedder.EclipseLogger - Using 'UTF-8' encoding to copy filtered resources.
2016-06-18 15:55:31,900 [Worker-4] INFO  o.e.m.c.i.embedder.EclipseLogger - Copying 3 resources
2016-06-18 15:55:51,851 [Worker-31] INFO  o.e.m.w.i.f.ResourceFilteringBuildParticipant - Cleaning filtered folder for lcbsapi
2016-06-18 15:55:53,754 [Worker-4] WARN  o.e.m.c.i.embedder.EclipseLogger - Using platform encoding (UTF-8 actually) to copy filtered resources, i.e. build is platform dependent!
2016-06-18 15:55:53,762 [Worker-4] INFO  o.e.m.c.i.embedder.EclipseLogger - Copying 4 resources
2016-06-18 15:55:53,773 [Worker-4] WARN  o.e.m.c.i.embedder.EclipseLogger - Using platform encoding (UTF-8 actually) to copy filtered resources, i.e. build is platform dependent!
2016-06-18 15:55:53,777 [Worker-4] INFO  o.e.m.c.i.embedder.EclipseLogger - skip non existing resourceDirectory /home/dario/Desktop/backend/lcbsdb/src/test/resources
2016-06-18 15:55:54,226 [Worker-23] INFO  o.e.m.c.i.embedder.EclipseLogger - Using 'UTF-8' encoding to copy filtered resources.
2016-06-18 15:55:54,227 [Worker-23] INFO  o.e.m.c.i.embedder.EclipseLogger - Copying 1 resource
2016-06-18 15:55:54,230 [Worker-23] INFO  o.e.m.c.i.embedder.EclipseLogger - Using 'UTF-8' encoding to copy filtered resources.
2016-06-18 15:55:54,239 [Worker-23] INFO  o.e.m.c.i.embedder.EclipseLogger - Copying 3 resources
2016-06-18 15:55:54,241 [Worker-23] INFO  o.e.m.w.i.f.ResourceFilteringBuildParticipant - Changed resources require a complete clean of filtered resources of lcbsapi
2016-06-18 15:55:54,241 [Worker-23] INFO  o.e.m.w.i.f.ResourceFilteringBuildParticipant - Executing resource filtering for lcbsapi
2016-06-18 15:55:54,256 [Worker-23] WARN  o.e.m.c.i.embedder.EclipseLogger - The POM for org.wildfly.plugins:wildfly-maven-plugin:jar:1.0.2.Final is missing, no dependency information available
2016-06-18 15:55:54,257 [Worker-23] WARN  o.e.m.c.i.embedder.EclipseLogger - Failed to retrieve plugin descriptor for org.wildfly.plugins:wildfly-maven-plugin:1.0.2.Final: Plugin org.wildfly.plugins:wildfly-maven-plugin:1.0.2.Final or one of its dependencies could not be resolved: Cannot access central (https://repo.maven.apache.org/maven2) in offline mode and the artifact org.wildfly.plugins:wildfly-maven-plugin:jar:1.0.2.Final has not been downloaded from it before.
2016-06-18 15:55:54,264 [Worker-23] WARN  o.e.m.c.i.embedder.EclipseLogger - The POM for org.wildfly.plugins:wildfly-maven-plugin:jar:1.0.2.Final is missing, no dependency information available
2016-06-18 15:55:54,265 [Worker-23] WARN  o.e.m.c.i.embedder.EclipseLogger - Failed to retrieve plugin descriptor for org.wildfly.plugins:wildfly-maven-plugin:1.0.2.Final: Plugin org.wildfly.plugins:wildfly-maven-plugin:1.0.2.Final or one of its dependencies could not be resolved: Cannot access central (https://repo.maven.apache.org/maven2) in offline mode and the artifact org.wildfly.plugins:wildfly-maven-plugin:jar:1.0.2.Final has not been downloaded from it before.
2016-06-18 15:55:54,272 [Worker-23] INFO  o.e.m.c.i.embedder.EclipseLogger - Using 'UTF-8' encoding to copy filtered resources.
2016-06-18 15:57:46,806 [Worker-21] WARN  o.e.m.c.i.embedder.EclipseLogger - Using platform encoding (UTF-8 actually) to copy filtered resources, i.e. build is platform dependent!
2016-06-18 15:57:46,808 [Worker-21] INFO  o.e.m.c.i.embedder.EclipseLogger - Copying 4 resources
2016-06-18 15:57:46,811 [Worker-21] WARN  o.e.m.c.i.embedder.EclipseLogger - Using platform encoding (UTF-8 actually) to copy filtered resources, i.e. build is platform dependent!
2016-06-18 15:57:46,812 [Worker-21] INFO  o.e.m.c.i.embedder.EclipseLogger - skip non existing resourceDirectory /home/dario/Desktop/backend/lcbsdb/src/test/resources
2016-06-18 15:58:20,275 [Worker-26] WARN  o.e.m.c.i.embedder.EclipseLogger - Using platform encoding (UTF-8 actually) to copy filtered resources, i.e. build is platform dependent!
2016-06-18 15:58:20,277 [Worker-26] INFO  o.e.m.c.i.embedder.EclipseLogger - Copying 4 resources
2016-06-18 15:58:20,278 [Worker-26] WARN  o.e.m.c.i.embedder.EclipseLogger - Using platform encoding (UTF-8 actually) to copy filtered resources, i.e. build is platform dependent!
2016-06-18 15:58:20,279 [Worker-26] INFO  o.e.m.c.i.embedder.EclipseLogger - skip non existing resourceDirectory /home/dario/Desktop/backend/lcbsdb/src/test/resources
2016-06-18 15:58:51,598 [Worker-28] WARN  o.e.m.c.i.embedder.EclipseLogger - Using platform encoding (UTF-8 actually) to copy filtered resources, i.e. build is platform dependent!
2016-06-18 15:58:51,600 [Worker-28] INFO  o.e.m.c.i.embedder.EclipseLogger - Copying 4 resources
2016-06-18 15:58:51,601 [Worker-28] WARN  o.e.m.c.i.embedder.EclipseLogger - Using platform encoding (UTF-8 actually) to copy filtered resources, i.e. build is platform dependent!
2016-06-18 15:58:51,602 [Worker-28] INFO  o.e.m.c.i.embedder.EclipseLogger - skip non existing resourceDirectory /home/dario/Desktop/backend/lcbsdb/src/test/resources
2016-06-18 15:58:59,295 [Worker-26] WARN  o.e.m.c.i.embedder.EclipseLogger - Using platform encoding (UTF-8 actually) to copy filtered resources, i.e. build is platform dependent!
2016-06-18 15:58:59,312 [Worker-26] INFO  o.e.m.c.i.embedder.EclipseLogger - Copying 4 resources
2016-06-18 15:58:59,314 [Worker-26] WARN  o.e.m.c.i.embedder.EclipseLogger - Using platform encoding (UTF-8 actually) to copy filtered resources, i.e. build is platform dependent!
2016-06-18 15:58:59,314 [Worker-26] INFO  o.e.m.c.i.embedder.EclipseLogger - skip non existing resourceDirectory /home/dario/Desktop/backend/lcbsdb/src/test/resources
2016-06-18 15:59:08,481 [Worker-28] WARN  o.e.m.c.i.embedder.EclipseLogger - Using platform encoding (UTF-8 actually) to copy filtered resources, i.e. build is platform dependent!
2016-06-18 15:59:08,482 [Worker-28] INFO  o.e.m.c.i.embedder.EclipseLogger - Copying 4 resources
2016-06-18 15:59:08,486 [Worker-28] WARN  o.e.m.c.i.embedder.EclipseLogger - Using platform encoding (UTF-8 actually) to copy filtered resources, i.e. build is platform dependent!
2016-06-18 15:59:08,487 [Worker-28] INFO  o.e.m.c.i.embedder.EclipseLogger - skip non existing resourceDirectory /home/dario/Desktop/backend/lcbsdb/src/test/resources
2016-06-18 15:59:52,415 [Worker-28] WARN  o.e.m.c.i.embedder.EclipseLogger - Using platform encoding (UTF-8 actually) to copy filtered resources, i.e. build is platform dependent!
2016-06-18 15:59:52,416 [Worker-28] INFO  o.e.m.c.i.embedder.EclipseLogger - Copying 4 resources
2016-06-18 15:59:52,420 [Worker-28] WARN  o.e.m.c.i.embedder.EclipseLogger - Using platform encoding (UTF-8 actually) to copy filtered resources, i.e. build is platform dependent!
2016-06-18 15:59:52,422 [Worker-28] INFO  o.e.m.c.i.embedder.EclipseLogger - skip non existing resourceDirectory /home/dario/Desktop/backend/lcbsdb/src/test/resources
2016-06-18 15:59:58,209 [Worker-29] WARN  o.e.m.c.i.embedder.EclipseLogger - Using platform encoding (UTF-8 actually) to copy filtered resources, i.e. build is platform dependent!
2016-06-18 15:59:58,211 [Worker-29] INFO  o.e.m.c.i.embedder.EclipseLogger - Copying 4 resources
2016-06-18 15:59:58,212 [Worker-29] WARN  o.e.m.c.i.embedder.EclipseLogger - Using platform encoding (UTF-8 actually) to copy filtered resources, i.e. build is platform dependent!
2016-06-18 15:59:58,212 [Worker-29] INFO  o.e.m.c.i.embedder.EclipseLogger - skip non existing resourceDirectory /home/dario/Desktop/backend/lcbsdb/src/test/resources
2016-06-18 16:00:03,410 [Worker-25] WARN  o.e.m.c.i.embedder.EclipseLogger - Using platform encoding (UTF-8 actually) to copy filtered resources, i.e. build is platform dependent!
2016-06-18 16:00:03,412 [Worker-25] INFO  o.e.m.c.i.embedder.EclipseLogger - Copying 4 resources
2016-06-18 16:00:03,413 [Worker-25] WARN  o.e.m.c.i.embedder.EclipseLogger - Using platform encoding (UTF-8 actually) to copy filtered resources, i.e. build is platform dependent!
2016-06-18 16:00:03,414 [Worker-25] INFO  o.e.m.c.i.embedder.EclipseLogger - skip non existing resourceDirectory /home/dario/Desktop/backend/lcbsdb/src/test/resources
2016-06-18 16:00:11,891 [Worker-26] WARN  o.e.m.c.i.embedder.EclipseLogger - Using platform encoding (UTF-8 actually) to copy filtered resources, i.e. build is platform dependent!
2016-06-18 16:00:11,893 [Worker-26] INFO  o.e.m.c.i.embedder.EclipseLogger - Copying 4 resources
2016-06-18 16:00:11,895 [Worker-26] WARN  o.e.m.c.i.embedder.EclipseLogger - Using platform encoding (UTF-8 actually) to copy filtered resources, i.e. build is platform dependent!
2016-06-18 16:00:11,895 [Worker-26] INFO  o.e.m.c.i.embedder.EclipseLogger - skip non existing resourceDirectory /home/dario/Desktop/backend/lcbsdb/src/test/resources
2016-06-18 16:01:41,969 [Worker-28] WARN  o.e.m.c.i.embedder.EclipseLogger - Using platform encoding (UTF-8 actually) to copy filtered resources, i.e. build is platform dependent!
2016-06-18 16:01:41,975 [Worker-28] INFO  o.e.m.c.i.embedder.EclipseLogger - Copying 4 resources
2016-06-18 16:01:41,976 [Worker-28] WARN  o.e.m.c.i.embedder.EclipseLogger - Using platform encoding (UTF-8 actually) to copy filtered resources, i.e. build is platform dependent!
2016-06-18 16:01:41,977 [Worker-28] INFO  o.e.m.c.i.embedder.EclipseLogger - skip non existing resourceDirectory /home/dario/Desktop/backend/lcbsdb/src/test/resources
2016-06-18 16:01:52,095 [Worker-25] WARN  o.e.m.c.i.embedder.EclipseLogger - Using platform encoding (UTF-8 actually) to copy filtered resources, i.e. build is platform dependent!
2016-06-18 16:01:52,096 [Worker-25] INFO  o.e.m.c.i.embedder.EclipseLogger - Copying 4 resources
2016-06-18 16:01:52,097 [Worker-25] WARN  o.e.m.c.i.embedder.EclipseLogger - Using platform encoding (UTF-8 actually) to copy filtered resources, i.e. build is platform dependent!
2016-06-18 16:01:52,098 [Worker-25] INFO  o.e.m.c.i.embedder.EclipseLogger - skip non existing resourceDirectory /home/dario/Desktop/backend/lcbsdb/src/test/resources
2016-06-18 16:02:08,978 [Worker-21] WARN  o.e.m.c.i.embedder.EclipseLogger - Using platform encoding (UTF-8 actually) to copy filtered resources, i.e. build is platform dependent!
2016-06-18 16:02:08,980 [Worker-21] INFO  o.e.m.c.i.embedder.EclipseLogger - Copying 4 resources
2016-06-18 16:02:08,981 [Worker-21] WARN  o.e.m.c.i.embedder.EclipseLogger - Using platform encoding (UTF-8 actually) to copy filtered resources, i.e. build is platform dependent!
2016-06-18 16:02:08,986 [Worker-21] INFO  o.e.m.c.i.embedder.EclipseLogger - skip non existing resourceDirectory /home/dario/Desktop/backend/lcbsdb/src/test/resources
2016-06-18 16:02:38,163 [Worker-26] WARN  o.e.m.c.i.embedder.EclipseLogger - Using platform encoding (UTF-8 actually) to copy filtered resources, i.e. build is platform dependent!
2016-06-18 16:02:38,165 [Worker-26] INFO  o.e.m.c.i.embedder.EclipseLogger - Copying 4 resources
2016-06-18 16:02:38,166 [Worker-26] WARN  o.e.m.c.i.embedder.EclipseLogger - Using platform encoding (UTF-8 actually) to copy filtered resources, i.e. build is platform dependent!
2016-06-18 16:02:38,167 [Worker-26] INFO  o.e.m.c.i.embedder.EclipseLogger - skip non existing resourceDirectory /home/dario/Desktop/backend/lcbsdb/src/test/resources
2016-06-18 16:02:56,016 [Worker-21] WARN  o.e.m.c.i.embedder.EclipseLogger - Using platform encoding (UTF-8 actually) to copy filtered resources, i.e. build is platform dependent!
2016-06-18 16:02:56,018 [Worker-21] INFO  o.e.m.c.i.embedder.EclipseLogger - Copying 4 resources
2016-06-18 16:02:56,025 [Worker-21] WARN  o.e.m.c.i.embedder.EclipseLogger - Using platform encoding (UTF-8 actually) to copy filtered resources, i.e. build is platform dependent!
2016-06-18 16:02:56,026 [Worker-21] INFO  o.e.m.c.i.embedder.EclipseLogger - skip non existing resourceDirectory /home/dario/Desktop/backend/lcbsdb/src/test/resources
2016-06-18 16:03:08,220 [Worker-21] WARN  o.e.m.c.i.embedder.EclipseLogger - Using platform encoding (UTF-8 actually) to copy filtered resources, i.e. build is platform dependent!
2016-06-18 16:03:08,222 [Worker-21] INFO  o.e.m.c.i.embedder.EclipseLogger - Copying 4 resources
2016-06-18 16:03:08,224 [Worker-21] WARN  o.e.m.c.i.embedder.EclipseLogger - Using platform encoding (UTF-8 actually) to copy filtered resources, i.e. build is platform dependent!
2016-06-18 16:03:08,224 [Worker-21] INFO  o.e.m.c.i.embedder.EclipseLogger - skip non existing resourceDirectory /home/dario/Desktop/backend/lcbsdb/src/test/resources
2016-06-18 16:06:41,460 [Worker-20] WARN  o.e.m.c.i.embedder.EclipseLogger - Using platform encoding (UTF-8 actually) to copy filtered resources, i.e. build is platform dependent!
2016-06-18 16:06:41,466 [Worker-20] INFO  o.e.m.c.i.embedder.EclipseLogger - Copying 4 resources
2016-06-18 16:06:41,467 [Worker-20] WARN  o.e.m.c.i.embedder.EclipseLogger - Using platform encoding (UTF-8 actually) to copy filtered resources, i.e. build is platform dependent!
2016-06-18 16:06:41,467 [Worker-20] INFO  o.e.m.c.i.embedder.EclipseLogger - skip non existing resourceDirectory /home/dario/Desktop/backend/lcbsdb/src/test/resources
2016-06-18 16:06:44,099 [Worker-29] WARN  o.e.m.c.i.embedder.EclipseLogger - Using platform encoding (UTF-8 actually) to copy filtered resources, i.e. build is platform dependent!
2016-06-18 16:06:44,100 [Worker-29] INFO  o.e.m.c.i.embedder.EclipseLogger - Copying 4 resources
2016-06-18 16:06:44,102 [Worker-29] WARN  o.e.m.c.i.embedder.EclipseLogger - Using platform encoding (UTF-8 actually) to copy filtered resources, i.e. build is platform dependent!
2016-06-18 16:06:44,104 [Worker-29] INFO  o.e.m.c.i.embedder.EclipseLogger - skip non existing resourceDirectory /home/dario/Desktop/backend/lcbsdb/src/test/resources
2016-06-18 16:06:45,681 [Worker-32] WARN  o.e.m.c.i.embedder.EclipseLogger - Using platform encoding (UTF-8 actually) to copy filtered resources, i.e. build is platform dependent!
2016-06-18 16:06:45,683 [Worker-32] INFO  o.e.m.c.i.embedder.EclipseLogger - Copying 4 resources
2016-06-18 16:06:45,684 [Worker-32] WARN  o.e.m.c.i.embedder.EclipseLogger - Using platform encoding (UTF-8 actually) to copy filtered resources, i.e. build is platform dependent!
2016-06-18 16:06:45,684 [Worker-32] INFO  o.e.m.c.i.embedder.EclipseLogger - skip non existing resourceDirectory /home/dario/Desktop/backend/lcbsdb/src/test/resources
2016-06-18 16:07:43,661 [Worker-32] WARN  o.e.m.c.i.embedder.EclipseLogger - Using platform encoding (UTF-8 actually) to copy filtered resources, i.e. build is platform dependent!
2016-06-18 16:07:43,671 [Worker-32] INFO  o.e.m.c.i.embedder.EclipseLogger - Copying 4 resources
2016-06-18 16:07:43,672 [Worker-32] WARN  o.e.m.c.i.embedder.EclipseLogger - Using platform encoding (UTF-8 actually) to copy filtered resources, i.e. build is platform dependent!
2016-06-18 16:07:43,673 [Worker-32] INFO  o.e.m.c.i.embedder.EclipseLogger - skip non existing resourceDirectory /home/dario/Desktop/backend/lcbsdb/src/test/resources
2016-06-18 16:08:36,647 [ModalContext] WARN  o.e.m.c.i.embedder.EclipseLogger - Using platform encoding (UTF-8 actually) to copy filtered resources, i.e. build is platform dependent!
2016-06-18 16:08:36,648 [ModalContext] INFO  o.e.m.c.i.embedder.EclipseLogger - Copying 4 resources
2016-06-18 16:08:36,649 [ModalContext] WARN  o.e.m.c.i.embedder.EclipseLogger - Using platform encoding (UTF-8 actually) to copy filtered resources, i.e. build is platform dependent!
2016-06-18 16:08:36,649 [ModalContext] INFO  o.e.m.c.i.embedder.EclipseLogger - skip non existing resourceDirectory /home/dario/Desktop/backend/lcbsdb/src/test/resources
2016-06-18 16:08:39,085 [Worker-25] WARN  o.e.m.c.i.embedder.EclipseLogger - Using platform encoding (UTF-8 actually) to copy filtered resources, i.e. build is platform dependent!
2016-06-18 16:08:39,089 [Worker-25] INFO  o.e.m.c.i.embedder.EclipseLogger - Copying 1 resource
2016-06-18 16:08:39,093 [Worker-25] WARN  o.e.m.c.i.embedder.EclipseLogger - Using platform encoding (UTF-8 actually) to copy filtered resources, i.e. build is platform dependent!
2016-06-18 16:08:39,096 [Worker-25] INFO  o.e.m.c.i.embedder.EclipseLogger - skip non existing resourceDirectory /home/dario/Desktop/backend/lcbsdb/src/test/resources
2016-06-18 16:09:09,555 [Worker-26] INFO  o.e.m.c.i.embedder.EclipseLogger - Using 'UTF-8' encoding to copy filtered resources.
2016-06-18 16:09:09,555 [Worker-26] INFO  o.e.m.c.i.embedder.EclipseLogger - Copying 0 resource
2016-06-18 16:09:09,565 [Worker-26] INFO  o.e.m.c.i.embedder.EclipseLogger - Using 'UTF-8' encoding to copy filtered resources.
2016-06-18 16:09:09,565 [Worker-26] INFO  o.e.m.c.i.embedder.EclipseLogger - Copying 0 resource
2016-06-18 16:09:10,603 [Worker-28] INFO  o.e.m.c.i.embedder.EclipseLogger - Using 'UTF-8' encoding to copy filtered resources.
2016-06-18 16:09:10,603 [Worker-28] INFO  o.e.m.c.i.embedder.EclipseLogger - Copying 0 resource
2016-06-18 16:09:10,604 [Worker-28] INFO  o.e.m.c.i.embedder.EclipseLogger - Using 'UTF-8' encoding to copy filtered resources.
2016-06-18 16:09:10,604 [Worker-28] INFO  o.e.m.c.i.embedder.EclipseLogger - Copying 0 resource
2016-06-18 16:09:18,014 [Worker-32] INFO  o.e.m.w.i.f.ResourceFilteringBuildParticipant - Cleaning filtered folder for lcbsapi
2016-06-18 16:09:20,436 [Worker-26] WARN  o.e.m.c.i.embedder.EclipseLogger - Using platform encoding (UTF-8 actually) to copy filtered resources, i.e. build is platform dependent!
2016-06-18 16:09:20,437 [Worker-26] INFO  o.e.m.c.i.embedder.EclipseLogger - Copying 4 resources
2016-06-18 16:09:20,442 [Worker-26] WARN  o.e.m.c.i.embedder.EclipseLogger - Using platform encoding (UTF-8 actually) to copy filtered resources, i.e. build is platform dependent!
2016-06-18 16:09:20,442 [Worker-26] INFO  o.e.m.c.i.embedder.EclipseLogger - skip non existing resourceDirectory /home/dario/Desktop/backend/lcbsdb/src/test/resources
2016-06-18 16:09:21,162 [Worker-21] INFO  o.e.m.c.i.embedder.EclipseLogger - Using 'UTF-8' encoding to copy filtered resources.
2016-06-18 16:09:21,164 [Worker-21] INFO  o.e.m.c.i.embedder.EclipseLogger - Copying 1 resource
2016-06-18 16:09:21,166 [Worker-21] INFO  o.e.m.c.i.embedder.EclipseLogger - Using 'UTF-8' encoding to copy filtered resources.
2016-06-18 16:09:21,167 [Worker-21] INFO  o.e.m.c.i.embedder.EclipseLogger - Copying 3 resources
2016-06-18 16:09:21,168 [Worker-21] INFO  o.e.m.w.i.f.ResourceFilteringBuildParticipant - Changed resources require a complete clean of filtered resources of lcbsapi
2016-06-18 16:09:21,169 [Worker-21] INFO  o.e.m.w.i.f.ResourceFilteringBuildParticipant - Executing resource filtering for lcbsapi
2016-06-18 16:09:21,171 [Worker-21] WARN  o.e.m.c.i.embedder.EclipseLogger - The POM for org.wildfly.plugins:wildfly-maven-plugin:jar:1.0.2.Final is missing, no dependency information available
2016-06-18 16:09:21,179 [Worker-21] WARN  o.e.m.c.i.embedder.EclipseLogger - Failed to retrieve plugin descriptor for org.wildfly.plugins:wildfly-maven-plugin:1.0.2.Final: Plugin org.wildfly.plugins:wildfly-maven-plugin:1.0.2.Final or one of its dependencies could not be resolved: Cannot access central (https://repo.maven.apache.org/maven2) in offline mode and the artifact org.wildfly.plugins:wildfly-maven-plugin:jar:1.0.2.Final has not been downloaded from it before.
2016-06-18 16:09:21,191 [Worker-21] WARN  o.e.m.c.i.embedder.EclipseLogger - The POM for org.wildfly.plugins:wildfly-maven-plugin:jar:1.0.2.Final is missing, no dependency information available
2016-06-18 16:09:21,193 [Worker-21] WARN  o.e.m.c.i.embedder.EclipseLogger - Failed to retrieve plugin descriptor for org.wildfly.plugins:wildfly-maven-plugin:1.0.2.Final: Plugin org.wildfly.plugins:wildfly-maven-plugin:1.0.2.Final or one of its dependencies could not be resolved: Cannot access central (https://repo.maven.apache.org/maven2) in offline mode and the artifact org.wildfly.plugins:wildfly-maven-plugin:jar:1.0.2.Final has not been downloaded from it before.
2016-06-18 16:09:21,207 [Worker-21] INFO  o.e.m.c.i.embedder.EclipseLogger - Using 'UTF-8' encoding to copy filtered resources.
2016-06-18 16:09:26,906 [Worker-28] WARN  o.e.m.c.i.embedder.EclipseLogger - Using platform encoding (UTF-8 actually) to copy filtered resources, i.e. build is platform dependent!
2016-06-18 16:09:26,910 [Worker-28] INFO  o.e.m.c.i.embedder.EclipseLogger - Copying 1 resource
2016-06-18 16:09:26,912 [Worker-28] WARN  o.e.m.c.i.embedder.EclipseLogger - Using platform encoding (UTF-8 actually) to copy filtered resources, i.e. build is platform dependent!
2016-06-18 16:09:26,912 [Worker-28] INFO  o.e.m.c.i.embedder.EclipseLogger - skip non existing resourceDirectory /home/dario/Desktop/backend/lcbsdb/src/test/resources
2016-06-18 16:09:36,063 [Worker-21] INFO  o.e.m.c.i.embedder.EclipseLogger - Using 'UTF-8' encoding to copy filtered resources.
2016-06-18 16:09:36,064 [Worker-21] INFO  o.e.m.c.i.embedder.EclipseLogger - Copying 0 resource
2016-06-18 16:09:36,073 [Worker-21] INFO  o.e.m.c.i.embedder.EclipseLogger - Using 'UTF-8' encoding to copy filtered resources.
2016-06-18 16:09:36,073 [Worker-21] INFO  o.e.m.c.i.embedder.EclipseLogger - Copying 0 resource
2016-06-18 17:04:34,529 [Worker-38] INFO  o.e.m.c.i.embedder.EclipseLogger - Using 'UTF-8' encoding to copy filtered resources.
2016-06-18 17:04:34,530 [Worker-38] INFO  o.e.m.c.i.embedder.EclipseLogger - Copying 1 resource
2016-06-18 17:04:34,530 [Worker-38] INFO  o.e.m.c.i.embedder.EclipseLogger - Using 'UTF-8' encoding to copy filtered resources.
2016-06-18 17:04:34,531 [Worker-38] INFO  o.e.m.c.i.embedder.EclipseLogger - Copying 0 resource
2016-06-18 17:05:29,806 [Worker-35] INFO  o.e.m.c.i.embedder.EclipseLogger - Using 'UTF-8' encoding to copy filtered resources.
2016-06-18 17:05:29,806 [Worker-35] INFO  o.e.m.c.i.embedder.EclipseLogger - Copying 1 resource
2016-06-18 17:05:29,807 [Worker-35] INFO  o.e.m.c.i.embedder.EclipseLogger - Using 'UTF-8' encoding to copy filtered resources.
2016-06-18 17:05:29,807 [Worker-35] INFO  o.e.m.c.i.embedder.EclipseLogger - Copying 0 resource
2016-06-18 17:05:44,698 [Worker-20] INFO  o.e.m.c.i.embedder.EclipseLogger - Using 'UTF-8' encoding to copy filtered resources.
2016-06-18 17:05:44,698 [Worker-20] INFO  o.e.m.c.i.embedder.EclipseLogger - Copying 1 resource
2016-06-18 17:05:44,699 [Worker-20] INFO  o.e.m.c.i.embedder.EclipseLogger - Using 'UTF-8' encoding to copy filtered resources.
2016-06-18 17:05:44,699 [Worker-20] INFO  o.e.m.c.i.embedder.EclipseLogger - Copying 0 resource
2016-06-18 17:06:18,989 [Worker-34] INFO  o.e.m.c.i.embedder.EclipseLogger - Using 'UTF-8' encoding to copy filtered resources.
2016-06-18 17:06:19,000 [Worker-34] INFO  o.e.m.c.i.embedder.EclipseLogger - Copying 1 resource
2016-06-18 17:06:19,001 [Worker-34] INFO  o.e.m.c.i.embedder.EclipseLogger - Using 'UTF-8' encoding to copy filtered resources.
2016-06-18 17:06:19,001 [Worker-34] INFO  o.e.m.c.i.embedder.EclipseLogger - Copying 0 resource
2016-06-18 17:07:55,377 [Worker-38] INFO  o.e.m.c.i.embedder.EclipseLogger - Using 'UTF-8' encoding to copy filtered resources.
2016-06-18 17:07:55,377 [Worker-38] INFO  o.e.m.c.i.embedder.EclipseLogger - Copying 1 resource
2016-06-18 17:07:55,378 [Worker-38] INFO  o.e.m.c.i.embedder.EclipseLogger - Using 'UTF-8' encoding to copy filtered resources.
2016-06-18 17:07:55,378 [Worker-38] INFO  o.e.m.c.i.embedder.EclipseLogger - Copying 0 resource
2016-06-18 17:16:39,492 [Worker-20] INFO  o.e.m.c.i.embedder.EclipseLogger - Using 'UTF-8' encoding to copy filtered resources.
2016-06-18 17:16:39,493 [Worker-20] INFO  o.e.m.c.i.embedder.EclipseLogger - Copying 1 resource
2016-06-18 17:16:39,494 [Worker-20] INFO  o.e.m.c.i.embedder.EclipseLogger - Using 'UTF-8' encoding to copy filtered resources.
2016-06-18 17:16:39,495 [Worker-20] INFO  o.e.m.c.i.embedder.EclipseLogger - Copying 3 resources
2016-06-18 17:21:02,640 [ModalContext] INFO  o.e.m.c.i.embedder.EclipseLogger - Using 'UTF-8' encoding to copy filtered resources.
2016-06-18 17:21:02,641 [ModalContext] INFO  o.e.m.c.i.embedder.EclipseLogger - Copying 1 resource
2016-06-18 17:21:02,642 [ModalContext] INFO  o.e.m.c.i.embedder.EclipseLogger - Using 'UTF-8' encoding to copy filtered resources.
2016-06-18 17:21:02,642 [ModalContext] INFO  o.e.m.c.i.embedder.EclipseLogger - Copying 3 resources
2016-06-18 17:21:03,471 [Worker-38] INFO  o.e.m.c.i.embedder.EclipseLogger - Using 'UTF-8' encoding to copy filtered resources.
2016-06-18 17:21:03,471 [Worker-38] INFO  o.e.m.c.i.embedder.EclipseLogger - Copying 0 resource
2016-06-18 17:21:03,472 [Worker-38] INFO  o.e.m.c.i.embedder.EclipseLogger - Using 'UTF-8' encoding to copy filtered resources.
2016-06-18 17:21:03,472 [Worker-38] INFO  o.e.m.c.i.embedder.EclipseLogger - Copying 0 resource
2016-06-18 17:21:33,241 [Worker-40] WARN  o.e.m.c.i.embedder.EclipseLogger - Using platform encoding (UTF-8 actually) to copy filtered resources, i.e. build is platform dependent!
2016-06-18 17:21:33,254 [Worker-40] INFO  o.e.m.c.i.embedder.EclipseLogger - Copying 0 resource
2016-06-18 17:21:33,268 [Worker-40] WARN  o.e.m.c.i.embedder.EclipseLogger - Using platform encoding (UTF-8 actually) to copy filtered resources, i.e. build is platform dependent!
2016-06-18 17:21:33,279 [Worker-40] INFO  o.e.m.c.i.embedder.EclipseLogger - skip non existing resourceDirectory /home/dario/Desktop/backend/lcbsdb/src/test/resources
2016-06-18 17:25:17,906 [Worker-41] WARN  o.e.m.c.i.embedder.EclipseLogger - Using platform encoding (UTF-8 actually) to copy filtered resources, i.e. build is platform dependent!
2016-06-18 17:25:17,910 [Worker-41] INFO  o.e.m.c.i.embedder.EclipseLogger - Copying 4 resources
2016-06-18 17:25:17,915 [Worker-41] WARN  o.e.m.c.i.embedder.EclipseLogger - Using platform encoding (UTF-8 actually) to copy filtered resources, i.e. build is platform dependent!
2016-06-18 17:25:17,915 [Worker-41] INFO  o.e.m.c.i.embedder.EclipseLogger - skip non existing resourceDirectory /home/dario/Desktop/backend/lcbsdb/src/test/resources
